<?xml version="1.0" encoding="UTF-8"?>
<!-- Generated by org.testng.reporters.JUnitReportReporter -->
<testsuite hostname="CGLDLPG033EW6" failures="0" tests="1" name="testcases.customer.creation.BankInformationTest" time="0.095" errors="0" timestamp="2024-09-02T10:03:36 IST" skipped="0">
  <testcase classname="testcases.customer.creation.BankInformationTest" name="swarnimLoginPage" time="0.095"/>
</testsuite> <!-- testcases.customer.creation.BankInformationTest -->
