<?xml version="1.0" encoding="UTF-8"?>
<!-- Generated by org.testng.reporters.JUnitReportReporter -->
<testsuite hostname="CGLDLPG033EW6" failures="0" tests="6" name="testcases.login.LoginTest" time="16.121" errors="0" timestamp="2024-08-30T12:16:24 IST" skipped="0">
  <testcase classname="testcases.login.LoginTest" name="swarnimLoginPage" time="0.511"/>
  <testcase classname="testcases.login.LoginTest" name="swarnimLoginPage" time="9.733"/>
  <testcase classname="testcases.login.LoginTest" name="swarnimLoginPage" time="0.500"/>
  <testcase classname="testcases.login.LoginTest" name="swarnimLoginPage" time="0.727"/>
  <testcase classname="testcases.login.LoginTest" name="swarnimLoginPage" time="3.871"/>
  <testcase classname="testcases.login.LoginTest" name="swarnimLoginPage" time="0.779"/>
</testsuite> <!-- testcases.login.LoginTest -->
