<?xml version="1.0" encoding="UTF-8"?>
<!-- Generated by org.testng.reporters.JUnitReportReporter -->
<testsuite hostname="CGLDLPG033EW6" failures="0" tests="3" name="testcases.login.BranchListingTest" time="7.395" errors="0" timestamp="2024-09-02T10:03:36 IST" skipped="0">
  <testcase classname="testcases.login.BranchListingTest" name="selectBranchCodeFromBranchListingAfterLogin" time="2.800"/>
  <testcase classname="testcases.login.BranchListingTest" name="selectCutomer360TabFromDashBoard" time="1.182"/>
  <testcase classname="testcases.login.BranchListingTest" name="clickCreateCustomerButton" time="3.413"/>
</testsuite> <!-- testcases.login.BranchListingTest -->
